TN:
SF:/var/www/html/my-quick-credit/src/routes.js
FNF:0
FNH:0
DA:1,1
DA:2,1
DA:3,1
DA:5,1
DA:7,1
DA:9,1
LF:6
LH:6
BRF:0
BRH:0
end_of_record
TN:
SF:/var/www/html/my-quick-credit/src/server.js
FNF:0
FNH:0
DA:1,1
DA:2,1
DA:3,1
DA:4,1
DA:5,1
DA:7,1
DA:8,1
DA:10,1
DA:11,1
DA:14,1
DA:15,1
DA:18,1
DA:19,1
DA:20,1
DA:22,1
LF:15
LH:15
BRDA:8,0,0,1
BRDA:8,0,1,0
BRF:2
BRH:1
end_of_record
TN:
SF:/var/www/html/my-quick-credit/src/controllers/registerController.js
FN:4,create
FNF:1
FNH:1
FNDA:2,create
DA:1,1
DA:2,1
DA:4,1
DA:6,2
DA:7,2
DA:8,1
DA:13,1
DA:14,1
DA:21,1
LF:9
LH:9
BRDA:7,0,0,1
BRDA:7,0,1,1
BRF:2
BRH:2
end_of_record
TN:
SF:/var/www/html/my-quick-credit/src/models/User.js
FN:6,User
FN:13,create
FN:33,findOne
FN:34,(anonymous_8)
FN:37,findAll
FN:45,update
FN:56,_delete
FNF:7
FNH:2
FNDA:1,User
FNDA:1,create
FNDA:0,findOne
FNDA:0,(anonymous_8)
FNDA:0,findAll
FNDA:0,update
FNDA:0,_delete
DA:1,1
DA:2,1
DA:3,1
DA:6,1
DA:7,1
DA:14,1
DA:26,1
DA:27,1
DA:34,0
DA:38,0
DA:46,0
DA:47,0
DA:48,0
DA:49,0
DA:50,0
DA:51,0
DA:52,0
DA:53,0
DA:57,0
DA:58,0
DA:59,0
DA:60,0
DA:64,1
LF:23
LH:9
BRDA:17,0,0,1
BRDA:17,0,1,1
BRDA:18,1,0,1
BRDA:18,1,1,1
BRDA:20,2,0,1
BRDA:20,2,1,1
BRF:6
BRH:6
end_of_record
TN:
SF:/var/www/html/my-quick-credit/src/requests/createUserRequest.js
FNF:0
FNH:0
DA:1,1
DA:3,1
DA:16,1
LF:3
LH:3
BRF:0
BRH:0
end_of_record
